[app.nickel.eu/index.html]
[backblue.gif]
[fade.gif]
[index.html]
[app.nickel.eu/assets/icon-180.png]
[app.nickel.eu/assets/icon-167.png]
[app.nickel.eu/assets/icon-152.png]
[app.nickel.eu/assets/icon-120.png]
[app.nickel.eu/assets/icon-512.png]
[app.nickel.eu/favicon.ico]
[app.nickel.eu/manifest.json]
[app.nickel.eu/configa31d.js]
[app.nickel.eu/static/css/main.851b002f.chunk.css]
[app.nickel.eu/static/css/199.80b9af72.chunk.css]
[app.nickel.eu/index.html]
[app.nickel.eu/static/css/199.80b9af72.chunk.css]
[app.nickel.eu/static/media/MullerNarrow-ExtraBold.e1f0c316.woff2]
[app.nickel.eu/static/css/main.851b002f.chunk.css]
[app.nickel.eu/static/js/main.aaecc59e.chunk.js]
[app.nickel.eu/static/js/199.0b05b302.chunk.js]
